<?xml version="1.0" encoding="UTF-8"?>
<!-- Generated by org.testng.reporters.JUnitReportReporter -->
<testsuite skipped="0" hostname="LAPTOP-A8332NNU" name="com.Mukesh.MukeshDataDriven.JenkinsDemo" tests="1" failures="0" timestamp="30 Jun 2018 18:51:23 GMT" time="0.014" errors="0">
  <testcase name="demo" time="0.014" classname="com.Mukesh.MukeshDataDriven.JenkinsDemo"/>
</testsuite> <!-- com.Mukesh.MukeshDataDriven.JenkinsDemo -->
